<?xml version="1.0" encoding="UTF-8"?>
<!-- Generated by org.testng.reporters.JUnitReportReporter -->
<testsuite hostname="DESKTOP-MBPK2VF" failures="0" tests="1" name="sample.Sample" time="0.014" errors="0" timestamp="2023-08-03T20:33:28 IST" skipped="0">
  <testcase classname="sample.Sample" name="sample" time="0.014"/>
  <system-out/>
</testsuite> <!-- sample.Sample -->
