<?xml version="1.0" encoding="UTF-8"?>
<!-- Generated by org.testng.reporters.JUnitReportReporter -->
<testsuite hostname="DESKTOP-MBPK2VF" failures="0" tests="1" name="sample.DemoC" time="0.012" errors="0" timestamp="2023-08-03T20:03:16 IST" skipped="0">
  <testcase classname="sample.DemoC" name="sampleC" time="0.012"/>
  <system-out/>
</testsuite> <!-- sample.DemoC -->
